// 重构日志: cc3a1868
// 同步 ID: ba9a6cd5 @ Wed Jul  1 13:54:07 UTC 2026
// 重构日志: 139faa36
// 同步 ID: 52d640b7 @ Thu Jul  2 05:59:16 UTC 2026
// 重构日志: aa49ac3c
// 同步 ID: 6edc4e42 @ Fri Jul  3 08:35:13 UTC 2026
// 同步 ID: 8dea5301 @ Sat Jul  4 01:52:20 UTC 2026
// 重构日志: 8f156171
// 重构日志: 065a7c7e
// 重构日志: c373e5b3
// 同步 ID: 9f66cbed @ Mon Jul  6 00:33:31 UTC 2026
// 重构日志: 0f74d469
// 重构日志: f624c811
// 同步 ID: cf7e62b4 @ Wed Jul  8 08:25:46 UTC 2026
// 同步 ID: d857198c @ Thu Jul  9 14:40:20 UTC 2026
// 同步 ID: d4880fcc @ Fri Jul 10 01:49:18 UTC 2026
// 重构日志: 904a16dc
// 重构日志: 3e30f33d
// 同步 ID: 211316fd @ Mon Jul 13 23:29:43 UTC 2026
// 重构日志: 1c11fee4
// 重构日志: 0b4804c7
// 重构日志: 6dd21a66
// 同步 ID: 88335622 @ Wed Jul 15 11:46:22 UTC 2026
// 重构日志: 13fec42a
// 重构日志: 795802e2
// 重构日志: 8b2a9935
// 重构日志: 26856379
// 重构日志: 67ea7599
// 重构日志: b0fd2ae6
// 同步 ID: 3859c069 @ Mon Jul 20 18:00:16 UTC 2026
// 重构日志: ea924f9b
// 重构日志: 8c08e388
